E, [2021-02-19T19:43:20.048624 #27864] ERROR -- Kitchen: ------Exception-------
E, [2021-02-19T19:43:20.048700 #27864] ERROR -- Kitchen: Class: Kitchen::UserError
E, [2021-02-19T19:43:20.048721 #27864] ERROR -- Kitchen: Message: Kitchen YAML file /home/bryanchanngc/chef-repo/kitchen.yml does not exist.
E, [2021-02-19T19:43:20.048736 #27864] ERROR -- Kitchen: ----------------------
E, [2021-02-19T19:43:20.048748 #27864] ERROR -- Kitchen: ------Backtrace-------
E, [2021-02-19T19:43:20.048760 #27864] ERROR -- Kitchen: /home/bryanchanngc/.rbenv/versions/2.7.0/lib/ruby/gems/2.7.0/gems/test-kitchen-2.10.0/lib/kitchen/loader/yaml.rb:65:in `read'
E, [2021-02-19T19:43:20.048771 #27864] ERROR -- Kitchen: /home/bryanchanngc/.rbenv/versions/2.7.0/lib/ruby/gems/2.7.0/gems/test-kitchen-2.10.0/lib/kitchen/config.rb:153:in `data'
E, [2021-02-19T19:43:20.048783 #27864] ERROR -- Kitchen: /home/bryanchanngc/.rbenv/versions/2.7.0/lib/ruby/gems/2.7.0/gems/test-kitchen-2.10.0/lib/kitchen/config.rb:131:in `suites'
E, [2021-02-19T19:43:20.048796 #27864] ERROR -- Kitchen: /home/bryanchanngc/.rbenv/versions/2.7.0/lib/ruby/gems/2.7.0/gems/test-kitchen-2.10.0/lib/kitchen/config.rb:183:in `filter_instances'
E, [2021-02-19T19:43:20.048808 #27864] ERROR -- Kitchen: /home/bryanchanngc/.rbenv/versions/2.7.0/lib/ruby/gems/2.7.0/gems/test-kitchen-2.10.0/lib/kitchen/config.rb:142:in `build_instances'
E, [2021-02-19T19:43:20.048820 #27864] ERROR -- Kitchen: /home/bryanchanngc/.rbenv/versions/2.7.0/lib/ruby/gems/2.7.0/gems/test-kitchen-2.10.0/lib/kitchen/config.rb:116:in `instances'
E, [2021-02-19T19:43:20.048832 #27864] ERROR -- Kitchen: /home/bryanchanngc/.rbenv/versions/2.7.0/lib/ruby/gems/2.7.0/gems/test-kitchen-2.10.0/lib/kitchen/command.rb:109:in `filtered_instances'
E, [2021-02-19T19:43:20.048844 #27864] ERROR -- Kitchen: /home/bryanchanngc/.rbenv/versions/2.7.0/lib/ruby/gems/2.7.0/gems/test-kitchen-2.10.0/lib/kitchen/command.rb:139:in `parse_subcommand'
E, [2021-02-19T19:43:20.048856 #27864] ERROR -- Kitchen: /home/bryanchanngc/.rbenv/versions/2.7.0/lib/ruby/gems/2.7.0/gems/test-kitchen-2.10.0/lib/kitchen/command/list.rb:29:in `call'
E, [2021-02-19T19:43:20.048868 #27864] ERROR -- Kitchen: /home/bryanchanngc/.rbenv/versions/2.7.0/lib/ruby/gems/2.7.0/gems/test-kitchen-2.10.0/lib/kitchen/cli.rb:52:in `perform'
E, [2021-02-19T19:43:20.048880 #27864] ERROR -- Kitchen: /home/bryanchanngc/.rbenv/versions/2.7.0/lib/ruby/gems/2.7.0/gems/test-kitchen-2.10.0/lib/kitchen/cli.rb:120:in `list'
E, [2021-02-19T19:43:20.048891 #27864] ERROR -- Kitchen: /home/bryanchanngc/.rbenv/versions/2.7.0/lib/ruby/gems/2.7.0/gems/thor-1.1.0/lib/thor/command.rb:27:in `run'
E, [2021-02-19T19:43:20.048903 #27864] ERROR -- Kitchen: /home/bryanchanngc/.rbenv/versions/2.7.0/lib/ruby/gems/2.7.0/gems/thor-1.1.0/lib/thor/invocation.rb:127:in `invoke_command'
E, [2021-02-19T19:43:20.048915 #27864] ERROR -- Kitchen: /home/bryanchanngc/.rbenv/versions/2.7.0/lib/ruby/gems/2.7.0/gems/thor-1.1.0/lib/thor.rb:392:in `dispatch'
E, [2021-02-19T19:43:20.048927 #27864] ERROR -- Kitchen: /home/bryanchanngc/.rbenv/versions/2.7.0/lib/ruby/gems/2.7.0/gems/thor-1.1.0/lib/thor/base.rb:485:in `start'
E, [2021-02-19T19:43:20.048939 #27864] ERROR -- Kitchen: /home/bryanchanngc/.rbenv/versions/2.7.0/lib/ruby/gems/2.7.0/gems/test-kitchen-2.10.0/bin/kitchen:11:in `block in <top (required)>'
E, [2021-02-19T19:43:20.048951 #27864] ERROR -- Kitchen: /home/bryanchanngc/.rbenv/versions/2.7.0/lib/ruby/gems/2.7.0/gems/test-kitchen-2.10.0/lib/kitchen/errors.rb:170:in `with_friendly_errors'
E, [2021-02-19T19:43:20.048963 #27864] ERROR -- Kitchen: /home/bryanchanngc/.rbenv/versions/2.7.0/lib/ruby/gems/2.7.0/gems/test-kitchen-2.10.0/bin/kitchen:11:in `<top (required)>'
E, [2021-02-19T19:43:20.048975 #27864] ERROR -- Kitchen: /home/bryanchanngc/.rbenv/versions/2.7.0/bin/kitchen:23:in `load'
E, [2021-02-19T19:43:20.048987 #27864] ERROR -- Kitchen: /home/bryanchanngc/.rbenv/versions/2.7.0/bin/kitchen:23:in `<main>'
E, [2021-02-19T19:43:20.048998 #27864] ERROR -- Kitchen: ----End Backtrace-----
